<?xml version="1.0" encoding="UTF-8"?>
<!-- Generated by org.testng.reporters.JUnitXMLReporter -->
<testsuite ignored="2" hostname="LAPTOP-HL5E5MFS" failures="0" tests="1" name="Default test" time="4.701" errors="0" timestamp="2025-08-04T22:14:55 IST">
  <testcase classname="com.api.reqres.tests.CreateUserTest" name="createUser_shouldMatchJsonSchema" time="3.877"/>
  <testcase classname="com.api.reqres.tests.CreateUserTest" name="creatUser_shouldReturn201andValidFiels" time="0.0">
    <ignored/>
  </testcase> <!-- creatUser_shouldReturn201andValidFiels -->
  <testcase classname="com.api.reqres.tests.CreateUserTest" name="testCreateUserNegative" time="0.0">
    <ignored/>
  </testcase> <!-- testCreateUserNegative -->
</testsuite> <!-- Default test -->
