<?xml version="1.0" encoding="UTF-8"?>
<!-- Generated by org.testng.reporters.JUnitXMLReporter -->
<testsuite ignored="2" hostname="LAPTOP-HL5E5MFS" failures="0" tests="1" name="Default test" time="4.244" errors="0" timestamp="2025-08-02T00:45:15 IST">
  <testcase classname="com.api.reqres.tests.GetUserTest" name="getUser_allDetails" time="3.495"/>
  <testcase classname="com.api.reqres.tests.GetUserTest" name="getUser_shouldReturnUserDetail" time="0.0">
    <ignored/>
  </testcase> <!-- getUser_shouldReturnUserDetail -->
  <testcase classname="com.api.reqres.tests.GetUserTest" name="getUser_shouldReturnJanet" time="0.0">
    <ignored/>
  </testcase> <!-- getUser_shouldReturnJanet -->
</testsuite> <!-- Default test -->
